<?xml version="1.0" encoding="UTF-8"?>
<testng-results ignored="0" total="3" passed="2" failed="1" skipped="0">
  <reporter-output>
  </reporter-output>
  <suite started-at="2022-12-12T15:16:52 IST" name="Suite" finished-at="2022-12-12T15:19:15 IST" duration-ms="142630">
    <groups>
    </groups>
    <test started-at="2022-12-12T15:16:52 IST" name="TestCase" finished-at="2022-12-12T15:19:15 IST" duration-ms="142630">
      <class name="tests.TestCase">
        <test-method is-config="true" signature="setUp()[pri:0, instance:tests.TestCase@2fd1433e]" started-at="2022-12-12T15:16:52 IST" name="setUp" finished-at="2022-12-12T15:18:25 IST" duration-ms="92525" status="PASS">
          <reporter-output>
          </reporter-output>
        </test-method> <!-- setUp -->
        <test-method is-config="true" signature="setUp()[pri:0, instance:tests.TestCase@2fd1433e]" started-at="2022-12-12T15:16:52 IST" name="setUp" finished-at="2022-12-12T15:18:47 IST" duration-ms="114126" status="PASS">
          <reporter-output>
          </reporter-output>
        </test-method> <!-- setUp -->
        <test-method is-config="true" signature="setUp()[pri:0, instance:tests.TestCase@2fd1433e]" started-at="2022-12-12T15:16:52 IST" name="setUp" finished-at="2022-12-12T15:18:44 IST" duration-ms="111765" status="PASS">
          <reporter-output>
          </reporter-output>
        </test-method> <!-- setUp -->
        <test-method signature="TestCase3()[pri:0, instance:tests.TestCase@2fd1433e]" started-at="2022-12-12T15:18:25 IST" name="TestCase3" finished-at="2022-12-12T15:18:25 IST" duration-ms="55" status="PASS">
          <reporter-output>
          </reporter-output>
        </test-method> <!-- TestCase3 -->
        <test-method is-config="true" signature="tearDown()[pri:0, instance:tests.TestCase@2fd1433e]" started-at="2022-12-12T15:18:25 IST" name="tearDown" finished-at="2022-12-12T15:18:25 IST" duration-ms="225" status="PASS">
          <reporter-output>
          </reporter-output>
        </test-method> <!-- tearDown -->
        <test-method signature="TestCase2()[pri:0, instance:tests.TestCase@2fd1433e]" started-at="2022-12-12T15:18:44 IST" name="TestCase2" finished-at="2022-12-12T15:18:44 IST" duration-ms="5" status="PASS">
          <reporter-output>
          </reporter-output>
        </test-method> <!-- TestCase2 -->
        <test-method is-config="true" signature="tearDown()[pri:0, instance:tests.TestCase@2fd1433e]" started-at="2022-12-12T15:18:44 IST" name="tearDown" finished-at="2022-12-12T15:18:44 IST" duration-ms="214" status="PASS">
          <reporter-output>
          </reporter-output>
        </test-method> <!-- tearDown -->
        <test-method signature="TestCase1()[pri:0, instance:tests.TestCase@2fd1433e]" started-at="2022-12-12T15:18:47 IST" name="TestCase1" finished-at="2022-12-12T15:19:14 IST" duration-ms="27505" status="FAIL">
          <exception class="java.lang.AssertionError">
            <message>
              <![CDATA[null]]>
            </message>
            <full-stacktrace>
              <![CDATA[java.lang.AssertionError: null
at org.testng.Assert.fail(Assert.java:97)
at org.testng.Assert.fail(Assert.java:102)
at tests.TestCase.TestCase1(TestCase.java:17)
at java.base/jdk.internal.reflect.NativeMethodAccessorImpl.invoke0(Native Method)
at java.base/jdk.internal.reflect.NativeMethodAccessorImpl.invoke(NativeMethodAccessorImpl.java:77)
at java.base/jdk.internal.reflect.DelegatingMethodAccessorImpl.invoke(DelegatingMethodAccessorImpl.java:43)
at java.base/java.lang.reflect.Method.invoke(Method.java:568)
at org.testng.internal.MethodInvocationHelper.invokeMethod(MethodInvocationHelper.java:133)
at org.testng.internal.TestInvoker.invokeMethod(TestInvoker.java:584)
at org.testng.internal.TestInvoker.invokeTestMethod(TestInvoker.java:172)
at org.testng.internal.MethodRunner.runInSequence(MethodRunner.java:46)
at org.testng.internal.TestInvoker$MethodInvocationAgent.invoke(TestInvoker.java:804)
at org.testng.internal.TestInvoker.invokeTestMethods(TestInvoker.java:145)
at org.testng.internal.TestMethodWorker.invokeTestMethods(TestMethodWorker.java:146)
at org.testng.internal.TestMethodWorker.run(TestMethodWorker.java:128)
at java.base/java.util.concurrent.ThreadPoolExecutor.runWorker(ThreadPoolExecutor.java:1136)
at java.base/java.util.concurrent.ThreadPoolExecutor$Worker.run(ThreadPoolExecutor.java:635)
at java.base/java.lang.Thread.run(Thread.java:833)
]]>
            </full-stacktrace>
          </exception> <!-- java.lang.AssertionError -->
          <reporter-output>
          </reporter-output>
        </test-method> <!-- TestCase1 -->
        <test-method is-config="true" signature="tearDown()[pri:0, instance:tests.TestCase@2fd1433e]" started-at="2022-12-12T15:19:14 IST" name="tearDown" finished-at="2022-12-12T15:19:15 IST" duration-ms="257" status="PASS">
          <reporter-output>
          </reporter-output>
        </test-method> <!-- tearDown -->
      </class> <!-- tests.TestCase -->
    </test> <!-- TestCase -->
  </suite> <!-- Suite -->
</testng-results>
